
/home/runner/work/exp-ode-system-of-ode-eulers-method-2nd-order-iitb/exp-ode-system-of-ode-eulers-method-2nd-order-iitb/experiment/simulation/common_libraries/js/ts_components/collapse_step.js
   1:10  warning  'show_step' is defined but never used                 no-unused-vars
   2:5   warning  '$' is not defined                                    no-undef
   3:9   warning  '$' is not defined                                    no-undef
   6:10  warning  'hide_step' is defined but never used                 no-unused-vars
   7:5   warning  '$' is not defined                                    no-undef
   8:9   warning  '$' is not defined                                    no-undef
  11:10  warning  'get_collapse_btn_text' is defined but never used     no-unused-vars
  20:10  warning  'get_collapse_btn_element' is defined but never used  no-unused-vars
  29:10  warning  'hide_all_steps' is defined but never used            no-unused-vars
  31:9   warning  '$' is not defined                                    no-undef

/home/runner/work/exp-ode-system-of-ode-eulers-method-2nd-order-iitb/exp-ode-system-of-ode-eulers-method-2nd-order-iitb/experiment/simulation/common_libraries/js/ts_components/matrix.js
   27:26  warning  'MathJax' is not defined                                no-undef
   32:7   warning  'Matrix_Without_String' is defined but never used       no-unused-vars
   52:26  warning  'MathJax' is not defined                                no-undef
   56:10  warning  'get_matrix_html' is defined but never used             no-unused-vars
   87:13  warning  'row_html' is assigned a value but never used           no-unused-vars
   99:10  warning  'get_matrix_html_with_title' is defined but never used  no-unused-vars
  131:13  warning  'row_html' is assigned a value but never used           no-unused-vars
  143:10  warning  'convert_2d_to_1d_vector' is defined but never used     no-unused-vars
  156:10  warning  'convert_1d_to_2d_matrix' is defined but never used     no-unused-vars

/home/runner/work/exp-ode-system-of-ode-eulers-method-2nd-order-iitb/exp-ode-system-of-ode-eulers-method-2nd-order-iitb/experiment/simulation/common_libraries/js/ts_components/pannel.js
  8:7  warning  'Pannel' is defined but never used  no-unused-vars

/home/runner/work/exp-ode-system-of-ode-eulers-method-2nd-order-iitb/exp-ode-system-of-ode-eulers-method-2nd-order-iitb/experiment/simulation/common_libraries/js/ts_components/questions.js
   6:17  warning  'op1' is assigned a value but never used      no-unused-vars
   7:17  warning  'op2' is assigned a value but never used      no-unused-vars
   8:17  warning  'op3' is assigned a value but never used      no-unused-vars
   9:17  warning  'op4' is assigned a value but never used      no-unused-vars
  94:7   warning  'Question_Options' is defined but never used  no-unused-vars

/home/runner/work/exp-ode-system-of-ode-eulers-method-2nd-order-iitb/exp-ode-system-of-ode-eulers-method-2nd-order-iitb/experiment/simulation/common_libraries/js/ts_components/tables.js
   19:22  warning  'verify_values' is not defined                                     no-undef
  137:22  warning  'verify_values' is not defined                                     no-undef
  260:7   warning  'Verify_Rows_Cols_6_decimal_places' is defined but never used      no-unused-vars
  311:22  warning  'verify_values' is not defined                                     no-undef
  416:7   warning  'Verify_Rows_Cols_Custom_Fixed_Update1' is defined but never used  no-unused-vars
  468:7   warning  'Show_Table_Custom_Fixed' is defined but never used                no-unused-vars
  506:7   warning  'Verify_Rows_Cols_Strings' is defined but never used               no-unused-vars
  527:22  warning  'verify_values' is not defined                                     no-undef
  663:7   warning  'Display_Table' is defined but never used                          no-unused-vars

/home/runner/work/exp-ode-system-of-ode-eulers-method-2nd-order-iitb/exp-ode-system-of-ode-eulers-method-2nd-order-iitb/experiment/simulation/common_libraries/js/ts_math_library/general_math_functions.js
    1:10  warning  'verify_values' is defined but never used                   no-unused-vars
   17:10  warning  'random1' is defined but never used                         no-unused-vars
   21:10  warning  'std_deviation' is defined but never used                   no-unused-vars
   26:10  warning  'gauss' is defined but never used                           no-unused-vars
   56:10  warning  'hide_panel' is defined but never used                      no-unused-vars
   63:10  warning  'inverse_matrix' is defined but never used                  no-unused-vars
   96:10  warning  'matrix_multiplication' is defined but never used           no-unused-vars
  113:10  warning  'transpose_matrix' is defined but never used                no-unused-vars
  123:10  warning  'matrix_multiplication_8decimal' is defined but never used  no-unused-vars
  140:10  warning  'adjoint_2x2_matrix' is defined but never used              no-unused-vars
  145:10  warning  'find_deteminant' is defined but never used                 no-unused-vars
  174:10  warning  'get_Submatrix' is defined but never used                   no-unused-vars

/home/runner/work/exp-ode-system-of-ode-eulers-method-2nd-order-iitb/exp-ode-system-of-ode-eulers-method-2nd-order-iitb/experiment/simulation/common_libraries/js/ts_math_library/regression.js
   1:10  warning  'regression_linear' is defined but never used            no-unused-vars
  18:10  warning  'regression_linear_1variable' is defined but never used  no-unused-vars
  27:10  warning  'regression_linear_2variable' is defined but never used  no-unused-vars
  52:11  warning  'gauss' is not defined                                   no-undef

/home/runner/work/exp-ode-system-of-ode-eulers-method-2nd-order-iitb/exp-ode-system-of-ode-eulers-method-2nd-order-iitb/experiment/simulation/common_libraries/math.ob.js
  1:745  warning  'b' is already defined  no-redeclare

/home/runner/work/exp-ode-system-of-ode-eulers-method-2nd-order-iitb/exp-ode-system-of-ode-eulers-method-2nd-order-iitb/experiment/simulation/js/activity1.js
   13:24  warning  'MathJax' is not defined                         no-undef
   15:10  warning  'start_act1' is defined but never used           no-unused-vars
   20:20  warning  'get_collapse_btn_text' is not defined           no-undef
   96:5   warning  'hide_all_steps' is not defined                  no-undef
   97:5   warning  'show_step' is not defined                       no-undef
   98:24  warning  'MathJax' is not defined                         no-undef
  100:10  warning  'calculate_hxy' is defined but never used        no-unused-vars
  110:5   warning  'n_val' is not defined                           no-undef
  111:25  warning  'n_val' is not defined                           no-undef
  113:26  warning  'n_val' is not defined                           no-undef
  115:5   warning  'h' is not defined                               no-undef
  115:10  warning  'xn' is not defined                              no-undef
  115:15  warning  'x1' is not defined                              no-undef
  115:21  warning  'n_val' is not defined                           no-undef
  116:5   warning  'h_val' is not defined                           no-undef
  116:24  warning  'h' is not defined                               no-undef
  117:24  warning  'h_val' is not defined                           no-undef
  119:5   warning  'x_val' is not defined                           no-undef
  119:16  warning  'x1' is not defined                              no-undef
  120:26  warning  'n_val' is not defined                           no-undef
  121:9   warning  'x_val' is not defined                           no-undef
  121:32  warning  'x_val' is not defined                           no-undef
  121:47  warning  'h_val' is not defined                           no-undef
  123:28  warning  'x_val' is not defined                           no-undef
  125:5   warning  'tbl_data' is not defined                        no-undef
  125:16  warning  'gety' is not defined                            no-undef
  125:21  warning  'x1' is not defined                              no-undef
  125:25  warning  'xn' is not defined                              no-undef
  125:29  warning  'y1' is not defined                              no-undef
  125:33  warning  'z1' is not defined                              no-undef
  125:37  warning  'n_val' is not defined                           no-undef
  126:5   warning  'y05' is not defined                             no-undef
  126:11  warning  'tbl_data' is not defined                        no-undef
  126:23  warning  'tbl_data' is not defined                        no-undef
  127:5   warning  'z05' is not defined                             no-undef
  127:11  warning  'tbl_data' is not defined                        no-undef
  127:23  warning  'tbl_data' is not defined                        no-undef
  128:31  warning  'tbl_data' is not defined                        no-undef
  129:26  warning  'y05' is not defined                             no-undef
  130:26  warning  'z05' is not defined                             no-undef
  134:10  warning  'verify_h_value_act1' is defined but never used  no-unused-vars
  136:10  warning  'verify_values' is not defined                   no-undef
  136:60  warning  'h_val' is not defined                           no-undef
  150:37  warning  'h_val' is not defined                           no-undef
  158:5   warning  'tbl_data' is not defined                        no-undef
  159:5   warning  'tbl_data' is not defined                        no-undef
  162:22  warning  'n_val' is not defined                           no-undef
  163:24  warning  'x_val' is not defined                           no-undef
  166:18  warning  'Verify_Rows_Cols_Custom_Fixed' is not defined   no-undef
  166:56  warning  'tbl_data' is not defined                        no-undef
  173:10  warning  'verify_y_value' is defined but never used       no-unused-vars
  178:10  warning  'verify_values' is not defined                   no-undef
  178:60  warning  'y05' is not defined                             no-undef
  187:10  warning  'verify_values' is not defined                   no-undef
  187:60  warning  'z05' is not defined                             no-undef
  202:37  warning  'y05' is not defined                             no-undef
  203:37  warning  'z05' is not defined                             no-undef

/home/runner/work/exp-ode-system-of-ode-eulers-method-2nd-order-iitb/exp-ode-system-of-ode-eulers-method-2nd-order-iitb/experiment/simulation/js/activity2.js
    1:10  warning  'activity2' is defined but never used            no-unused-vars
    6:20  warning  'get_collapse_btn_text' is not defined           no-undef
   80:5   warning  'maindiv' is not defined                         no-undef
   81:5   warning  'hide_all_steps' is not defined                  no-undef
   82:5   warning  'show_step' is not defined                       no-undef
   83:24  warning  'MathJax' is not defined                         no-undef
   85:10  warning  'act2_calculate_hxy' is defined but never used   no-unused-vars
   94:5   warning  'act2_n_val' is not defined                      no-undef
   95:30  warning  'act2_n_val' is not defined                      no-undef
   97:26  warning  'act2_n_val' is not defined                      no-undef
   99:5   warning  'act2_h' is not defined                          no-undef
   99:15  warning  'act2_xn' is not defined                         no-undef
   99:25  warning  'act2_x1' is not defined                         no-undef
   99:36  warning  'act2_n_val' is not defined                      no-undef
  100:5   warning  'act2_h_val' is not defined                      no-undef
  100:29  warning  'act2_h' is not defined                          no-undef
  101:29  warning  'act2_h_val' is not defined                      no-undef
  103:5   warning  'act2_x_val' is not defined                      no-undef
  103:21  warning  'act2_x1' is not defined                         no-undef
  104:26  warning  'act2_n_val' is not defined                      no-undef
  105:9   warning  'act2_x_val' is not defined                      no-undef
  105:37  warning  'act2_x_val' is not defined                      no-undef
  105:57  warning  'act2_h_val' is not defined                      no-undef
  107:28  warning  'act2_x_val' is not defined                      no-undef
  109:5   warning  'act2_tbl_data' is not defined                   no-undef
  109:21  warning  'gety2' is not defined                           no-undef
  109:27  warning  'act2_x1' is not defined                         no-undef
  109:36  warning  'act2_xn' is not defined                         no-undef
  109:45  warning  'act2_y1' is not defined                         no-undef
  109:54  warning  'act2_z1' is not defined                         no-undef
  109:63  warning  'act2_n_val' is not defined                      no-undef
  110:5   warning  'act2_y02' is not defined                        no-undef
  110:16  warning  'act2_tbl_data' is not defined                   no-undef
  110:33  warning  'act2_tbl_data' is not defined                   no-undef
  111:5   warning  'act2_z02' is not defined                        no-undef
  111:16  warning  'act2_tbl_data' is not defined                   no-undef
  111:33  warning  'act2_tbl_data' is not defined                   no-undef
  112:36  warning  'act2_tbl_data' is not defined                   no-undef
  113:26  warning  'act2_y02' is not defined                        no-undef
  114:26  warning  'act2_z02' is not defined                        no-undef
  118:10  warning  'verify_h_value_act2' is defined but never used  no-unused-vars
  120:10  warning  'verify_values' is not defined                   no-undef
  120:65  warning  'act2_h_val' is not defined                      no-undef
  134:37  warning  'act2_h_val' is not defined                      no-undef
  142:5   warning  'act2_tbl_data' is not defined                   no-undef
  143:5   warning  'act2_tbl_data' is not defined                   no-undef
  146:22  warning  'act2_n_val' is not defined                      no-undef
  147:29  warning  'act2_x_val' is not defined                      no-undef
  150:23  warning  'Verify_Rows_Cols_Custom_Fixed' is not defined   no-undef
  150:66  warning  'act2_tbl_data' is not defined                   no-undef
  157:10  warning  'act2_verify_y_value' is defined but never used  no-unused-vars
  162:10  warning  'verify_values' is not defined                   no-undef
  162:65  warning  'act2_y02' is not defined                        no-undef
  171:10  warning  'verify_values' is not defined                   no-undef
  171:65  warning  'act2_z02' is not defined                        no-undef
  186:42  warning  'act2_y02' is not defined                        no-undef
  187:42  warning  'act2_z02' is not defined                        no-undef

/home/runner/work/exp-ode-system-of-ode-eulers-method-2nd-order-iitb/exp-ode-system-of-ode-eulers-method-2nd-order-iitb/experiment/simulation/js/activity3.js
    1:10  warning  'activity3' is defined but never used            no-unused-vars
    6:20  warning  'get_collapse_btn_text' is not defined           no-undef
   78:5   warning  'maindiv' is not defined                         no-undef
   79:5   warning  'hide_all_steps' is not defined                  no-undef
   80:5   warning  'show_step' is not defined                       no-undef
   81:24  warning  'MathJax' is not defined                         no-undef
   83:10  warning  'act3_calculate_hxy' is defined but never used   no-unused-vars
   89:5   warning  'act3_n_val' is not defined                      no-undef
   90:30  warning  'act3_n_val' is not defined                      no-undef
   92:5   warning  'act3_h' is not defined                          no-undef
   92:15  warning  'act3_xn' is not defined                         no-undef
   92:25  warning  'act3_x1' is not defined                         no-undef
   92:36  warning  'act3_n_val' is not defined                      no-undef
   93:5   warning  'act3_h_val' is not defined                      no-undef
   93:29  warning  'act3_h' is not defined                          no-undef
   94:29  warning  'act3_h_val' is not defined                      no-undef
   96:5   warning  'act3_x_val' is not defined                      no-undef
   96:21  warning  'act3_x1' is not defined                         no-undef
   97:26  warning  'act3_n_val' is not defined                      no-undef
   98:9   warning  'act3_x_val' is not defined                      no-undef
   98:37  warning  'act3_x_val' is not defined                      no-undef
   98:57  warning  'act3_h_val' is not defined                      no-undef
  100:33  warning  'act3_x_val' is not defined                      no-undef
  102:5   warning  'act3_tbl_data' is not defined                   no-undef
  102:21  warning  'gety3' is not defined                           no-undef
  102:27  warning  'act3_x1' is not defined                         no-undef
  102:36  warning  'act3_xn' is not defined                         no-undef
  102:45  warning  'act3_y1' is not defined                         no-undef
  102:54  warning  'act3_z1' is not defined                         no-undef
  102:63  warning  'act3_n_val' is not defined                      no-undef
  103:5   warning  'act3_y02' is not defined                        no-undef
  103:16  warning  'act3_tbl_data' is not defined                   no-undef
  103:33  warning  'act3_tbl_data' is not defined                   no-undef
  104:5   warning  'act3_z02' is not defined                        no-undef
  104:16  warning  'act3_tbl_data' is not defined                   no-undef
  104:33  warning  'act3_tbl_data' is not defined                   no-undef
  105:36  warning  'act3_tbl_data' is not defined                   no-undef
  106:31  warning  'act3_y02' is not defined                        no-undef
  107:31  warning  'act3_z02' is not defined                        no-undef
  111:10  warning  'verify_h_value_act3' is defined but never used  no-unused-vars
  113:10  warning  'verify_values' is not defined                   no-undef
  113:65  warning  'act3_h_val' is not defined                      no-undef
  132:5   warning  'act3_tbl_data' is not defined                   no-undef
  133:5   warning  'act3_tbl_data' is not defined                   no-undef
  136:22  warning  'act3_n_val' is not defined                      no-undef
  137:29  warning  'act3_x_val' is not defined                      no-undef
  140:23  warning  'Verify_Rows_Cols_Custom_Fixed' is not defined   no-undef
  140:66  warning  'act3_tbl_data' is not defined                   no-undef
  147:10  warning  'act3_verify_y_value' is defined but never used  no-unused-vars
  152:10  warning  'verify_values' is not defined                   no-undef
  152:65  warning  'act3_y02' is not defined                        no-undef
  161:10  warning  'verify_values' is not defined                   no-undef
  161:65  warning  'act3_z02' is not defined                        no-undef
  176:42  warning  'act3_y02' is not defined                        no-undef
  177:42  warning  'act3_z02' is not defined                        no-undef
  180:10  warning  'exp_complete' is defined but never used         no-unused-vars

/home/runner/work/exp-ode-system-of-ode-eulers-method-2nd-order-iitb/exp-ode-system-of-ode-eulers-method-2nd-order-iitb/experiment/simulation/js/data.js
   48:5   warning  'mat_x' is assigned a value but never used         no-unused-vars
   49:5   warning  'mat_x1' is assigned a value but never used        no-unused-vars
   51:10  warning  'verify_values_abs' is defined but never used      no-unused-vars
   64:5   warning  'tb_data' is assigned a value but never used       no-unused-vars
   65:5   warning  'n_val' is defined but never used                  no-unused-vars
   66:5   warning  'x1' is assigned a value but never used            no-unused-vars
   67:5   warning  'y1' is assigned a value but never used            no-unused-vars
   68:5   warning  'z1' is assigned a value but never used            no-unused-vars
   69:5   warning  'xn' is assigned a value but never used            no-unused-vars
   70:5   warning  'x_val' is assigned a value but never used         no-unused-vars
   71:5   warning  'tbl_data' is defined but never used               no-unused-vars
   72:5   warning  'h' is assigned a value but never used             no-unused-vars
   73:5   warning  'h_val' is assigned a value but never used         no-unused-vars
   74:5   warning  'y05' is assigned a value but never used           no-unused-vars
   75:5   warning  'z05' is assigned a value but never used           no-unused-vars
   76:5   warning  'act2_tb_data' is assigned a value but never used  no-unused-vars
   77:5   warning  'act2_n_val' is defined but never used             no-unused-vars
   78:5   warning  'act2_x1' is assigned a value but never used       no-unused-vars
   79:5   warning  'act2_xn' is assigned a value but never used       no-unused-vars
   80:5   warning  'act2_y1' is assigned a value but never used       no-unused-vars
   81:5   warning  'act2_z1' is assigned a value but never used       no-unused-vars
   82:5   warning  'act2_tbl_data' is defined but never used          no-unused-vars
   83:5   warning  'act2_y02' is assigned a value but never used      no-unused-vars
   84:5   warning  'act2_z02' is assigned a value but never used      no-unused-vars
   85:5   warning  'act2_x_val' is assigned a value but never used    no-unused-vars
   86:5   warning  'act2_y_val' is defined but never used             no-unused-vars
   87:5   warning  'act2_h' is assigned a value but never used        no-unused-vars
   88:5   warning  'act2_h_val' is assigned a value but never used    no-unused-vars
   89:5   warning  'act2_y15' is assigned a value but never used      no-unused-vars
   90:5   warning  'act3_tb_data' is assigned a value but never used  no-unused-vars
   91:5   warning  'act3_n_val' is defined but never used             no-unused-vars
   92:5   warning  'act3_x1' is assigned a value but never used       no-unused-vars
   93:5   warning  'act3_xn' is assigned a value but never used       no-unused-vars
   94:5   warning  'act3_y1' is assigned a value but never used       no-unused-vars
   95:5   warning  'act3_z1' is assigned a value but never used       no-unused-vars
   96:5   warning  'act3_tbl_data' is defined but never used          no-unused-vars
   97:5   warning  'act3_y02' is assigned a value but never used      no-unused-vars
   98:5   warning  'act3_z02' is assigned a value but never used      no-unused-vars
   99:5   warning  'act3_x_val' is assigned a value but never used    no-unused-vars
  100:5   warning  'act3_y_val' is defined but never used             no-unused-vars
  101:5   warning  'act3_h' is assigned a value but never used        no-unused-vars
  102:5   warning  'act3_h_val' is assigned a value but never used    no-unused-vars
  103:5   warning  'act3_y15' is assigned a value but never used      no-unused-vars

/home/runner/work/exp-ode-system-of-ode-eulers-method-2nd-order-iitb/exp-ode-system-of-ode-eulers-method-2nd-order-iitb/experiment/simulation/js/euler_second_order.js
   8:10  warning  'gety' is defined but never used   no-unused-vars
  24:19  warning  'z' is defined but never used      no-unused-vars
  27:10  warning  'gety2' is defined but never used  no-unused-vars
  59:10  warning  'gety3' is defined but never used  no-unused-vars

/home/runner/work/exp-ode-system-of-ode-eulers-method-2nd-order-iitb/exp-ode-system-of-ode-eulers-method-2nd-order-iitb/experiment/simulation/js/screen_size.js
  1:10  warning  'set_screen_size' is defined but never used  no-unused-vars

✖ 269 problems (0 errors, 269 warnings)

